project_Tour_APP/build/outputs/logs/manifest-merger-release-report.txt
-- Merging decision tree log ---
manifest
ADDED from src\main\AndroidManifest.xml:2:1-638:12
	package
		ADDED from src\main\AndroidManifest.xml:3:5-31
		INJECTED from src\main\AndroidManifest.xml
		INJECTED from src\main\AndroidManifest.xml
	android:versionName
		ADDED from src\main\AndroidManifest.xml:5:5-32
		INJECTED from src\main\AndroidManifest.xml
		INJECTED from src\main\AndroidManifest.xml
	android:versionCode
		ADDED from src\main\AndroidManifest.xml:4:5-30
		INJECTED from src\main\AndroidManifest.xml
		INJECTED from src\main\AndroidManifest.xml
	xmlns:android
		ADDED from src\main\AndroidManifest.xml:2:11-69
uses-sdk
ADDED from src\main\AndroidManifest.xml:8:5-10:41
MERGED from [document:project_Tour_social_sdk_library:unspecified] AndroidManifest.xml:7:5-9:41
MERGED from [com.android.support:support-v4:25.1.1] AndroidManifest.xml:21:5-23:54
MERGED from [com.android.support:support-fragment:25.1.1] AndroidManifest.xml:21:5-23:60
MERGED from [com.android.support:support-media-compat:25.1.1] AndroidManifest.xml:21:5-23:63
MERGED from [com.android.support:support-core-ui:25.1.1] AndroidManifest.xml:21:5-23:58
MERGED from [com.android.support:support-core-utils:25.1.1] AndroidManifest.xml:21:5-23:61
MERGED from [com.android.support:support-compat:25.1.1] AndroidManifest.xml:21:5-23:58
	tools:overrideLibrary
		ADDED from [com.android.support:support-v4:25.1.1] AndroidManifest.xml:23:9-51
	android:targetSdkVersion
		ADDED from src\main\AndroidManifest.xml:10:9-38
		INJECTED from src\main\AndroidManifest.xml
		INJECTED from src\main\AndroidManifest.xml
	android:minSdkVersion
		ADDED from src\main\AndroidManifest.xml:9:9-35
		INJECTED from src\main\AndroidManifest.xml
		INJECTED from src\main\AndroidManifest.xml
uses-permission#android.permission.WRITE_EXTERNAL_STORAGE
ADDED from src\main\AndroidManifest.xml:12:5-81
	android:name
		ADDED from src\main\AndroidManifest.xml:12:22-78
uses-permission#android.permission.ACCESS_NETWORK_STATE
ADDED from src\main\AndroidManifest.xml:14:5-79
	android:name
		ADDED from src\main\AndroidManifest.xml:14:22-76
uses-permission#android.permission.INTERNET
ADDED from src\main\AndroidManifest.xml:16:5-67
	android:name
		ADDED from src\main\AndroidManifest.xml:16:22-64
uses-permission#android.permission.CAMERA
ADDED from src\main\AndroidManifest.xml:18:5-65
	android:name
		ADDED from src\main\AndroidManifest.xml:18:22-62
uses-permission#android.permission.MOUNT_UNMOUNT_FILESYSTEMS
ADDED from src\main\AndroidManifest.xml:20:5-84
	android:name
		ADDED from src\main\AndroidManifest.xml:20:22-81
uses-permission#android.permission.ACCESS_COARSE_LOCATION
ADDED from src\main\AndroidManifest.xml:23:5-81
	android:name
		ADDED from src\main\AndroidManifest.xml:23:22-78
uses-permission#android.permission.ACCESS_FINE_LOCATION
ADDED from src\main\AndroidManifest.xml:25:5-79
	android:name
		ADDED from src\main\AndroidManifest.xml:25:22-76
uses-permission#android.permission.ACCESS_WIFI_STATE
ADDED from src\main\AndroidManifest.xml:27:5-76
	android:name
		ADDED from src\main\AndroidManifest.xml:27:22-73
uses-permission#android.permission.CHANGE_WIFI_STATE
ADDED from src\main\AndroidManifest.xml:29:5-76
	android:name
		ADDED from src\main\AndroidManifest.xml:29:22-73
uses-permission#android.permission.WRITE_SETTINGS
ADDED from src\main\AndroidManifest.xml:31:5-73
	android:name
		ADDED from src\main\AndroidManifest.xml:31:22-70
uses-permission#android.permission.READ_PHONE_STATE
ADDED from src\main\AndroidManifest.xml:33:5-75
	android:name
		ADDED from src\main\AndroidManifest.xml:33:22-72
uses-permission#android.permission.READ_LOGS
ADDED from src\main\AndroidManifest.xml:35:5-68
	android:name
		ADDED from src\main\AndroidManifest.xml:35:22-65
uses-permission#android.permission.CALL_PHONE
ADDED from src\main\AndroidManifest.xml:36:5-69
	android:name
		ADDED from src\main\AndroidManifest.xml:36:22-66
permission#com.highnes.tour.permission.JPUSH_MESSAGE
ADDED from src\main\AndroidManifest.xml:38:5-40:47
	android:protectionLevel
		ADDED from src\main\AndroidManifest.xml:40:9-44
	android:name
		ADDED from src\main\AndroidManifest.xml:39:9-65
uses-permission#com.highnes.tour.permission.JPUSH_MESSAGE
ADDED from src\main\AndroidManifest.xml:43:5-81
	android:name
		ADDED from src\main\AndroidManifest.xml:43:22-78
uses-permission#android.permission.RECEIVE_USER_PRESENT
ADDED from src\main\AndroidManifest.xml:44:5-79
	android:name
		ADDED from src\main\AndroidManifest.xml:44:22-76
uses-permission#android.permission.WAKE_LOCK
ADDED from src\main\AndroidManifest.xml:46:5-68
	android:name
		ADDED from src\main\AndroidManifest.xml:46:22-65
uses-permission#android.permission.READ_EXTERNAL_STORAGE
ADDED from src\main\AndroidManifest.xml:47:5-80
	android:name
		ADDED from src\main\AndroidManifest.xml:47:22-77
uses-permission#android.permission.VIBRATE
ADDED from src\main\AndroidManifest.xml:48:5-66
	android:name
		ADDED from src\main\AndroidManifest.xml:48:22-63
uses-permission#android.permission.SYSTEM_ALERT_WINDOW
ADDED from src\main\AndroidManifest.xml:49:5-78
	android:name
		ADDED from src\main\AndroidManifest.xml:49:22-75
uses-permission#android.permission.ACCESS_LOCATION_EXTRA_COMMANDS
ADDED from src\main\AndroidManifest.xml:51:5-89
	android:name
		ADDED from src\main\AndroidManifest.xml:51:22-86
uses-permission#android.permission.CHANGE_NETWORK_STATE
ADDED from src\main\AndroidManifest.xml:52:5-79
	android:name
		ADDED from src\main\AndroidManifest.xml:52:22-76
application
ADDED from src\main\AndroidManifest.xml:54:5-636:19
MERGED from [document:project_Tour_social_sdk_library:unspecified] AndroidManifest.xml:11:5-12:19
MERGED from [com.android.support:support-v4:25.1.1] AndroidManifest.xml:25:5-20
MERGED from [com.android.support:support-fragment:25.1.1] AndroidManifest.xml:25:5-20
MERGED from [com.android.support:support-media-compat:25.1.1] AndroidManifest.xml:25:5-20
MERGED from [com.android.support:support-core-ui:25.1.1] AndroidManifest.xml:25:5-20
MERGED from [com.android.support:support-core-utils:25.1.1] AndroidManifest.xml:25:5-20
MERGED from [com.android.support:support-compat:25.1.1] AndroidManifest.xml:25:5-20
	android:label
		ADDED from src\main\AndroidManifest.xml:58:9-41
	android:allowBackup
		ADDED from src\main\AndroidManifest.xml:56:9-35
	android:icon
		ADDED from src\main\AndroidManifest.xml:57:9-45
	android:theme
		ADDED from src\main\AndroidManifest.xml:59:9-40
	android:name
		ADDED from src\main\AndroidManifest.xml:55:9-56
activity#com.highnes.tour.MainActivity
ADDED from src\main\AndroidManifest.xml:62:9-67:20
	android:label
		ADDED from src\main\AndroidManifest.xml:65:13-45
	android:theme
		ADDED from src\main\AndroidManifest.xml:64:13-61
	android:name
		ADDED from src\main\AndroidManifest.xml:63:13-57
activity#com.highnes.tour.ui.activities.GuidePageActivity
ADDED from src\main\AndroidManifest.xml:69:9-73:20
	android:screenOrientation
		ADDED from src\main\AndroidManifest.xml:72:13-49
	android:label
		ADDED from src\main\AndroidManifest.xml:71:13-45
	android:name
		ADDED from src\main\AndroidManifest.xml:70:13-76
activity#com.highnes.tour.ui.activities.TabFragmentActivity
ADDED from src\main\AndroidManifest.xml:86:9-95:20
	android:screenOrientation
		ADDED from src\main\AndroidManifest.xml:89:13-49
	android:label
		ADDED from src\main\AndroidManifest.xml:88:13-45
	android:name
		ADDED from src\main\AndroidManifest.xml:87:13-78
intent-filter#android.intent.action.MAIN+android.intent.category.LAUNCHER
ADDED from src\main\AndroidManifest.xml:90:15-94:29
action#android.intent.action.MAIN
ADDED from src\main\AndroidManifest.xml:91:17-69
	android:name
		ADDED from src\main\AndroidManifest.xml:91:25-66
category#android.intent.category.LAUNCHER
ADDED from src\main\AndroidManifest.xml:93:17-77
	android:name
		ADDED from src\main\AndroidManifest.xml:93:27-74
activity#com.highnes.tour.ui.activities.PayActivity
ADDED from src\main\AndroidManifest.xml:97:9-106:20
	android:screenOrientation
		ADDED from src\main\AndroidManifest.xml:100:13-49
	android:label
		ADDED from src\main\AndroidManifest.xml:99:13-45
	android:name
		ADDED from src\main\AndroidManifest.xml:98:13-70
intent-filter#android.intent.action.VIEW+android.intent.category.DEFAULT
ADDED from src\main\AndroidManifest.xml:101:13-105:29
action#android.intent.action.VIEW
ADDED from src\main\AndroidManifest.xml:102:17-69
	android:name
		ADDED from src\main\AndroidManifest.xml:102:25-66
category#android.intent.category.DEFAULT
ADDED from src\main\AndroidManifest.xml:103:17-76
	android:name
		ADDED from src\main\AndroidManifest.xml:103:27-73
data
ADDED from src\main\AndroidManifest.xml:104:17-61
	android:scheme
		ADDED from src\main\AndroidManifest.xml:104:23-58
activity#com.highnes.tour.ui.activities.PaySuccessActivity
ADDED from src\main\AndroidManifest.xml:108:9-111:52
	android:screenOrientation
		ADDED from src\main\AndroidManifest.xml:111:13-49
	android:label
		ADDED from src\main\AndroidManifest.xml:110:13-45
	android:name
		ADDED from src\main\AndroidManifest.xml:109:13-77
activity#com.highnes.tour.ui.activities.PHPPaySuccessActivity
ADDED from src\main\AndroidManifest.xml:113:9-116:52
	android:screenOrientation
		ADDED from src\main\AndroidManifest.xml:116:13-49
	android:label
		ADDED from src\main\AndroidManifest.xml:115:13-45
	android:name
		ADDED from src\main\AndroidManifest.xml:114:13-80
activity#com.highnes.tour.ui.activities.CityActivity
ADDED from src\main\AndroidManifest.xml:118:9-121:52
	android:screenOrientation
		ADDED from src\main\AndroidManifest.xml:121:13-49
	android:label
		ADDED from src\main\AndroidManifest.xml:120:13-45
	android:name
		ADDED from src\main\AndroidManifest.xml:119:13-71
activity#com.highnes.tour.ui.activities.ForumImageActivity
ADDED from src\main\AndroidManifest.xml:123:9-126:52
	android:screenOrientation
		ADDED from src\main\AndroidManifest.xml:126:13-49
	android:label
		ADDED from src\main\AndroidManifest.xml:125:13-45
	android:name
		ADDED from src\main\AndroidManifest.xml:124:13-77
activity#com.highnes.tour.ui.activities.WebViewTitleActivity
ADDED from src\main\AndroidManifest.xml:128:9-131:52
	android:screenOrientation
		ADDED from src\main\AndroidManifest.xml:131:13-49
	android:label
		ADDED from src\main\AndroidManifest.xml:130:13-45
	android:name
		ADDED from src\main\AndroidManifest.xml:129:13-79
activity#com.highnes.tour.ui.activities.PHPWebViewActivity
ADDED from src\main\AndroidManifest.xml:133:9-136:52
	android:screenOrientation
		ADDED from src\main\AndroidManifest.xml:136:13-49
	android:label
		ADDED from src\main\AndroidManifest.xml:135:13-45
	android:name
		ADDED from src\main\AndroidManifest.xml:134:13-77
activity#com.highnes.tour.ui.activities.home.ticket.TicketActivity
ADDED from src\main\AndroidManifest.xml:138:9-141:52
	android:screenOrientation
		ADDED from src\main\AndroidManifest.xml:141:13-49
	android:label
		ADDED from src\main\AndroidManifest.xml:140:13-45
	android:name
		ADDED from src\main\AndroidManifest.xml:139:13-85
activity#com.highnes.tour.ui.activities.home.ticket.MapRoadActivity
ADDED from src\main\AndroidManifest.xml:143:9-146:52
	android:screenOrientation
		ADDED from src\main\AndroidManifest.xml:146:13-49
	android:label
		ADDED from src\main\AndroidManifest.xml:145:13-45
	android:name
		ADDED from src\main\AndroidManifest.xml:144:13-86
activity#com.highnes.tour.ui.activities.home.SosActivity
ADDED from src\main\AndroidManifest.xml:148:9-151:52
	android:screenOrientation
		ADDED from src\main\AndroidManifest.xml:151:13-49
	android:label
		ADDED from src\main\AndroidManifest.xml:150:13-45
	android:name
		ADDED from src\main\AndroidManifest.xml:149:13-75
activity#com.highnes.tour.ui.activities.home.ticket.TicketSearchActivity
ADDED from src\main\AndroidManifest.xml:153:9-156:52
	android:screenOrientation
		ADDED from src\main\AndroidManifest.xml:156:13-49
	android:label
		ADDED from src\main\AndroidManifest.xml:155:13-45
	android:name
		ADDED from src\main\AndroidManifest.xml:154:13-91
activity#com.highnes.tour.ui.activities.home.ticket.FilterTicketActivity
ADDED from src\main\AndroidManifest.xml:158:9-161:52
	android:screenOrientation
		ADDED from src\main\AndroidManifest.xml:161:13-49
	android:label
		ADDED from src\main\AndroidManifest.xml:160:13-45
	android:name
		ADDED from src\main\AndroidManifest.xml:159:13-91
activity#com.highnes.tour.ui.activities.home.ticket.TicketDetailActivity
ADDED from src\main\AndroidManifest.xml:163:9-166:52
	android:screenOrientation
		ADDED from src\main\AndroidManifest.xml:166:13-49
	android:label
		ADDED from src\main\AndroidManifest.xml:165:13-45
	android:name
		ADDED from src\main\AndroidManifest.xml:164:13-91
activity#com.highnes.tour.ui.activities.home.ticket.MapDisplayActivity
ADDED from src\main\AndroidManifest.xml:168:9-171:52
	android:screenOrientation
		ADDED from src\main\AndroidManifest.xml:171:13-49
	android:label
		ADDED from src\main\AndroidManifest.xml:170:13-45
	android:name
		ADDED from src\main\AndroidManifest.xml:169:13-89
activity#com.highnes.tour.ui.activities.home.ticket.TicketCommentListActivity
ADDED from src\main\AndroidManifest.xml:173:9-176:52
	android:screenOrientation
		ADDED from src\main\AndroidManifest.xml:176:13-49
	android:label
		ADDED from src\main\AndroidManifest.xml:175:13-45
	android:name
		ADDED from src\main\AndroidManifest.xml:174:13-96
activity#com.highnes.tour.ui.activities.home.ticket.TicketDetailOrderActivity
ADDED from src\main\AndroidManifest.xml:178:9-182:67
	android:screenOrientation
		ADDED from src\main\AndroidManifest.xml:181:13-49
	android:label
		ADDED from src\main\AndroidManifest.xml:180:13-45
	android:windowSoftInputMode
		ADDED from src\main\AndroidManifest.xml:182:13-64
	android:name
		ADDED from src\main\AndroidManifest.xml:179:13-96
activity#com.highnes.tour.ui.activities.home.ticket.TicketInsureActivity
ADDED from src\main\AndroidManifest.xml:184:9-188:67
	android:screenOrientation
		ADDED from src\main\AndroidManifest.xml:187:13-49
	android:label
		ADDED from src\main\AndroidManifest.xml:186:13-45
	android:windowSoftInputMode
		ADDED from src\main\AndroidManifest.xml:188:13-64
	android:name
		ADDED from src\main\AndroidManifest.xml:185:13-91
activity#com.highnes.tour.ui.activities.home.tour.TourActivity
ADDED from src\main\AndroidManifest.xml:190:9-193:52
	android:screenOrientation
		ADDED from src\main\AndroidManifest.xml:193:13-49
	android:label
		ADDED from src\main\AndroidManifest.xml:192:13-45
	android:name
		ADDED from src\main\AndroidManifest.xml:191:13-81
activity#com.highnes.tour.ui.activities.home.tour.FilterTour1Activity
ADDED from src\main\AndroidManifest.xml:195:9-198:52
	android:screenOrientation
		ADDED from src\main\AndroidManifest.xml:198:13-49
	android:label
		ADDED from src\main\AndroidManifest.xml:197:13-45
	android:name
		ADDED from src\main\AndroidManifest.xml:196:13-88
activity#com.highnes.tour.ui.activities.home.tour.Tour1DetailActivity
ADDED from src\main\AndroidManifest.xml:200:9-203:52
	android:screenOrientation
		ADDED from src\main\AndroidManifest.xml:203:13-49
	android:label
		ADDED from src\main\AndroidManifest.xml:202:13-45
	android:name
		ADDED from src\main\AndroidManifest.xml:201:13-88
activity#com.highnes.tour.ui.activities.home.tour.Tour1CommentListActivity
ADDED from src\main\AndroidManifest.xml:205:9-208:52
	android:screenOrientation
		ADDED from src\main\AndroidManifest.xml:208:13-49
	android:label
		ADDED from src\main\AndroidManifest.xml:207:13-45
	android:name
		ADDED from src\main\AndroidManifest.xml:206:13-93
activity#com.highnes.tour.ui.activities.home.tour.Tour7CommentListActivity
ADDED from src\main\AndroidManifest.xml:210:9-213:52
	android:screenOrientation
		ADDED from src\main\AndroidManifest.xml:213:13-49
	android:label
		ADDED from src\main\AndroidManifest.xml:212:13-45
	android:name
		ADDED from src\main\AndroidManifest.xml:211:13-93
activity#com.highnes.tour.ui.activities.home.tour.Tour1DetailOrderActivity
ADDED from src\main\AndroidManifest.xml:215:9-218:52
	android:screenOrientation
		ADDED from src\main\AndroidManifest.xml:218:13-49
	android:label
		ADDED from src\main\AndroidManifest.xml:217:13-45
	android:name
		ADDED from src\main\AndroidManifest.xml:216:13-93
activity#com.highnes.tour.ui.activities.home.tour.TourInsureActivity
ADDED from src\main\AndroidManifest.xml:220:9-223:52
	android:screenOrientation
		ADDED from src\main\AndroidManifest.xml:223:13-49
	android:label
		ADDED from src\main\AndroidManifest.xml:222:13-45
	android:name
		ADDED from src\main\AndroidManifest.xml:221:13-87
activity#com.highnes.tour.ui.activities.home.tour.FilterTour2Activity
ADDED from src\main\AndroidManifest.xml:225:9-228:52
	android:screenOrientation
		ADDED from src\main\AndroidManifest.xml:228:13-49
	android:label
		ADDED from src\main\AndroidManifest.xml:227:13-45
	android:name
		ADDED from src\main\AndroidManifest.xml:226:13-88
activity#com.highnes.tour.ui.activities.home.tour.Tour7ListActivity
ADDED from src\main\AndroidManifest.xml:230:9-233:52
	android:screenOrientation
		ADDED from src\main\AndroidManifest.xml:233:13-49
	android:label
		ADDED from src\main\AndroidManifest.xml:232:13-45
	android:name
		ADDED from src\main\AndroidManifest.xml:231:13-86
activity#com.highnes.tour.ui.activities.home.tour.Tour7DetailActivity
ADDED from src\main\AndroidManifest.xml:235:9-238:52
	android:screenOrientation
		ADDED from src\main\AndroidManifest.xml:238:13-49
	android:label
		ADDED from src\main\AndroidManifest.xml:237:13-45
	android:name
		ADDED from src\main\AndroidManifest.xml:236:13-88
activity#com.highnes.tour.ui.activities.home.tour.Tour7DetailOrderActivity
ADDED from src\main\AndroidManifest.xml:240:9-243:52
	android:screenOrientation
		ADDED from src\main\AndroidManifest.xml:243:13-49
	android:label
		ADDED from src\main\AndroidManifest.xml:242:13-45
	android:name
		ADDED from src\main\AndroidManifest.xml:241:13-93
activity#com.highnes.tour.ui.activities.home.NewsActivity
ADDED from src\main\AndroidManifest.xml:246:9-249:52
	android:screenOrientation
		ADDED from src\main\AndroidManifest.xml:249:13-49
	android:label
		ADDED from src\main\AndroidManifest.xml:248:13-45
	android:name
		ADDED from src\main\AndroidManifest.xml:247:13-76
activity#com.highnes.tour.ui.activities.home.MsgActivity
ADDED from src\main\AndroidManifest.xml:251:9-254:52
	android:screenOrientation
		ADDED from src\main\AndroidManifest.xml:254:13-49
	android:label
		ADDED from src\main\AndroidManifest.xml:253:13-45
	android:name
		ADDED from src\main\AndroidManifest.xml:252:13-75
activity#com.highnes.tour.ui.activities.home.TimeListActivity
ADDED from src\main\AndroidManifest.xml:257:9-260:52
	android:screenOrientation
		ADDED from src\main\AndroidManifest.xml:260:13-49
	android:label
		ADDED from src\main\AndroidManifest.xml:259:13-45
	android:name
		ADDED from src\main\AndroidManifest.xml:258:13-80
activity#com.highnes.tour.ui.activities.home.TimeDetailActivity
ADDED from src\main\AndroidManifest.xml:262:9-265:52
	android:screenOrientation
		ADDED from src\main\AndroidManifest.xml:265:13-49
	android:label
		ADDED from src\main\AndroidManifest.xml:264:13-45
	android:name
		ADDED from src\main\AndroidManifest.xml:263:13-82
activity#com.highnes.tour.ui.activities.home.TimeCommentListActivity
ADDED from src\main\AndroidManifest.xml:267:9-270:52
	android:screenOrientation
		ADDED from src\main\AndroidManifest.xml:270:13-49
	android:label
		ADDED from src\main\AndroidManifest.xml:269:13-45
	android:name
		ADDED from src\main\AndroidManifest.xml:268:13-87
activity#com.highnes.tour.ui.activities.find.FindListActivity
ADDED from src\main\AndroidManifest.xml:273:9-276:52
	android:screenOrientation
		ADDED from src\main\AndroidManifest.xml:276:13-49
	android:label
		ADDED from src\main\AndroidManifest.xml:275:13-45
	android:name
		ADDED from src\main\AndroidManifest.xml:274:13-80
activity#com.highnes.tour.ui.activities.find.FindTacticsActivity
ADDED from src\main\AndroidManifest.xml:278:9-281:52
	android:screenOrientation
		ADDED from src\main\AndroidManifest.xml:281:13-49
	android:label
		ADDED from src\main\AndroidManifest.xml:280:13-45
	android:name
		ADDED from src\main\AndroidManifest.xml:279:13-83
activity#com.highnes.tour.ui.activities.find.FindDetailActivity
ADDED from src\main\AndroidManifest.xml:283:9-286:52
	android:screenOrientation
		ADDED from src\main\AndroidManifest.xml:286:13-49
	android:label
		ADDED from src\main\AndroidManifest.xml:285:13-45
	android:name
		ADDED from src\main\AndroidManifest.xml:284:13-82
activity#com.highnes.tour.ui.activities.find.FindDetailCommentActivity
ADDED from src\main\AndroidManifest.xml:288:9-291:52
	android:screenOrientation
		ADDED from src\main\AndroidManifest.xml:291:13-49
	android:label
		ADDED from src\main\AndroidManifest.xml:290:13-45
	android:name
		ADDED from src\main\AndroidManifest.xml:289:13-89
activity#com.highnes.tour.ui.activities.foot.FootIssueActivity
ADDED from src\main\AndroidManifest.xml:294:9-297:52
	android:screenOrientation
		ADDED from src\main\AndroidManifest.xml:297:13-49
	android:label
		ADDED from src\main\AndroidManifest.xml:296:13-45
	android:name
		ADDED from src\main\AndroidManifest.xml:295:13-81
activity#com.highnes.tour.ui.activities.foot.FootGroupDetailActivity
ADDED from src\main\AndroidManifest.xml:299:9-302:52
	android:screenOrientation
		ADDED from src\main\AndroidManifest.xml:302:13-49
	android:label
		ADDED from src\main\AndroidManifest.xml:301:13-45
	android:name
		ADDED from src\main\AndroidManifest.xml:300:13-87
activity#com.highnes.tour.ui.activities.my.InfoActivity
ADDED from src\main\AndroidManifest.xml:305:9-308:52
	android:screenOrientation
		ADDED from src\main\AndroidManifest.xml:308:13-49
	android:label
		ADDED from src\main\AndroidManifest.xml:307:13-45
	android:name
		ADDED from src\main\AndroidManifest.xml:306:13-74
activity#com.highnes.tour.ui.activities.my.ChangeValueActivity
ADDED from src\main\AndroidManifest.xml:310:9-313:52
	android:screenOrientation
		ADDED from src\main\AndroidManifest.xml:313:13-49
	android:label
		ADDED from src\main\AndroidManifest.xml:312:13-45
	android:name
		ADDED from src\main\AndroidManifest.xml:311:13-81
activity#com.highnes.tour.ui.activities.my.LoginActivity
ADDED from src\main\AndroidManifest.xml:315:9-318:52
	android:screenOrientation
		ADDED from src\main\AndroidManifest.xml:318:13-49
	android:label
		ADDED from src\main\AndroidManifest.xml:317:13-45
	android:name
		ADDED from src\main\AndroidManifest.xml:316:13-75
activity#com.highnes.tour.ui.activities.my.RegisterActivity
ADDED from src\main\AndroidManifest.xml:320:9-323:52
	android:screenOrientation
		ADDED from src\main\AndroidManifest.xml:323:13-49
	android:label
		ADDED from src\main\AndroidManifest.xml:322:13-45
	android:name
		ADDED from src\main\AndroidManifest.xml:321:13-78
activity#com.highnes.tour.ui.activities.my.GetPwdActivity
ADDED from src\main\AndroidManifest.xml:325:9-328:52
	android:screenOrientation
		ADDED from src\main\AndroidManifest.xml:328:13-49
	android:label
		ADDED from src\main\AndroidManifest.xml:327:13-45
	android:name
		ADDED from src\main\AndroidManifest.xml:326:13-76
activity#com.highnes.tour.ui.activities.my.common.CommonUserInfoActivity
ADDED from src\main\AndroidManifest.xml:330:9-333:52
	android:screenOrientation
		ADDED from src\main\AndroidManifest.xml:333:13-49
	android:label
		ADDED from src\main\AndroidManifest.xml:332:13-45
	android:name
		ADDED from src\main\AndroidManifest.xml:331:13-91
activity#com.highnes.tour.ui.activities.my.common.CommonUserInfoManageActivity
ADDED from src\main\AndroidManifest.xml:335:9-338:52
	android:screenOrientation
		ADDED from src\main\AndroidManifest.xml:338:13-49
	android:label
		ADDED from src\main\AndroidManifest.xml:337:13-45
	android:name
		ADDED from src\main\AndroidManifest.xml:336:13-97
activity#com.highnes.tour.ui.activities.my.CouponActivity
ADDED from src\main\AndroidManifest.xml:340:9-343:52
	android:screenOrientation
		ADDED from src\main\AndroidManifest.xml:343:13-49
	android:label
		ADDED from src\main\AndroidManifest.xml:342:13-45
	android:name
		ADDED from src\main\AndroidManifest.xml:341:13-76
activity#com.highnes.tour.ui.activities.my.PointActivity
ADDED from src\main\AndroidManifest.xml:345:9-348:52
	android:screenOrientation
		ADDED from src\main\AndroidManifest.xml:348:13-49
	android:label
		ADDED from src\main\AndroidManifest.xml:347:13-45
	android:name
		ADDED from src\main\AndroidManifest.xml:346:13-75
activity#com.highnes.tour.ui.activities.my.order.AllOrderActivity
ADDED from src\main\AndroidManifest.xml:350:9-353:52
	android:screenOrientation
		ADDED from src\main\AndroidManifest.xml:353:13-49
	android:label
		ADDED from src\main\AndroidManifest.xml:352:13-45
	android:name
		ADDED from src\main\AndroidManifest.xml:351:13-84
activity#com.highnes.tour.ui.activities.my.order.AllOrderListActivity
ADDED from src\main\AndroidManifest.xml:355:9-358:52
	android:screenOrientation
		ADDED from src\main\AndroidManifest.xml:358:13-49
	android:label
		ADDED from src\main\AndroidManifest.xml:357:13-45
	android:name
		ADDED from src\main\AndroidManifest.xml:356:13-88
activity#com.highnes.tour.ui.activities.my.order.PHPOrderListActivity
ADDED from src\main\AndroidManifest.xml:360:9-363:52
	android:screenOrientation
		ADDED from src\main\AndroidManifest.xml:363:13-49
	android:label
		ADDED from src\main\AndroidManifest.xml:362:13-45
	android:name
		ADDED from src\main\AndroidManifest.xml:361:13-88
activity#com.highnes.tour.ui.activities.my.OrderListActivity
ADDED from src\main\AndroidManifest.xml:365:9-368:52
	android:screenOrientation
		ADDED from src\main\AndroidManifest.xml:368:13-49
	android:label
		ADDED from src\main\AndroidManifest.xml:367:13-45
	android:name
		ADDED from src\main\AndroidManifest.xml:366:13-79
activity#com.highnes.tour.ui.activities.my.order.AddCommentActivity
ADDED from src\main\AndroidManifest.xml:370:9-373:52
	android:screenOrientation
		ADDED from src\main\AndroidManifest.xml:373:13-49
	android:label
		ADDED from src\main\AndroidManifest.xml:372:13-45
	android:name
		ADDED from src\main\AndroidManifest.xml:371:13-86
activity#com.highnes.tour.ui.activities.my.order.PHPAddCommentActivity
ADDED from src\main\AndroidManifest.xml:375:9-378:52
	android:screenOrientation
		ADDED from src\main\AndroidManifest.xml:378:13-49
	android:label
		ADDED from src\main\AndroidManifest.xml:377:13-45
	android:name
		ADDED from src\main\AndroidManifest.xml:376:13-89
activity#com.highnes.tour.ui.activities.my.order.OrderDetailActivity
ADDED from src\main\AndroidManifest.xml:380:9-383:52
	android:screenOrientation
		ADDED from src\main\AndroidManifest.xml:383:13-49
	android:label
		ADDED from src\main\AndroidManifest.xml:382:13-45
	android:name
		ADDED from src\main\AndroidManifest.xml:381:13-87
activity#com.highnes.tour.ui.activities.my.CollectActivity
ADDED from src\main\AndroidManifest.xml:385:9-388:52
	android:screenOrientation
		ADDED from src\main\AndroidManifest.xml:388:13-49
	android:label
		ADDED from src\main\AndroidManifest.xml:387:13-45
	android:name
		ADDED from src\main\AndroidManifest.xml:386:13-77
activity#com.highnes.tour.ui.activities.my.CollectListActivity
ADDED from src\main\AndroidManifest.xml:390:9-393:52
	android:screenOrientation
		ADDED from src\main\AndroidManifest.xml:393:13-49
	android:label
		ADDED from src\main\AndroidManifest.xml:392:13-45
	android:name
		ADDED from src\main\AndroidManifest.xml:391:13-81
activity#com.highnes.tour.ui.activities.my.PHPCollectListActivity
ADDED from src\main\AndroidManifest.xml:395:9-398:52
	android:screenOrientation
		ADDED from src\main\AndroidManifest.xml:398:13-49
	android:label
		ADDED from src\main\AndroidManifest.xml:397:13-45
	android:name
		ADDED from src\main\AndroidManifest.xml:396:13-84
activity#com.highnes.tour.ui.activities.my.OpinionActivity
ADDED from src\main\AndroidManifest.xml:400:9-403:52
	android:screenOrientation
		ADDED from src\main\AndroidManifest.xml:403:13-49
	android:label
		ADDED from src\main\AndroidManifest.xml:402:13-45
	android:name
		ADDED from src\main\AndroidManifest.xml:401:13-77
activity#com.highnes.tour.ui.activities.my.SettingsActivity
ADDED from src\main\AndroidManifest.xml:405:9-408:52
	android:screenOrientation
		ADDED from src\main\AndroidManifest.xml:408:13-49
	android:label
		ADDED from src\main\AndroidManifest.xml:407:13-45
	android:name
		ADDED from src\main\AndroidManifest.xml:406:13-78
activity#com.highnes.tour.ui.activities.my.SettingsPwdActivity
ADDED from src\main\AndroidManifest.xml:410:9-413:52
	android:screenOrientation
		ADDED from src\main\AndroidManifest.xml:413:13-49
	android:label
		ADDED from src\main\AndroidManifest.xml:412:13-45
	android:name
		ADDED from src\main\AndroidManifest.xml:411:13-81
activity#com.highnes.tour.ui.activities.my.AboutActivity
ADDED from src\main\AndroidManifest.xml:415:9-418:52
	android:screenOrientation
		ADDED from src\main\AndroidManifest.xml:418:13-49
	android:label
		ADDED from src\main\AndroidManifest.xml:417:13-45
	android:name
		ADDED from src\main\AndroidManifest.xml:416:13-75
activity#com.highnes.tour.ui.activities.my.ServerActivity
ADDED from src\main\AndroidManifest.xml:420:9-423:52
	android:screenOrientation
		ADDED from src\main\AndroidManifest.xml:423:13-49
	android:label
		ADDED from src\main\AndroidManifest.xml:422:13-45
	android:name
		ADDED from src\main\AndroidManifest.xml:421:13-76
activity#com.highnes.tour.ui.activities.my.ServerDetailActivity
ADDED from src\main\AndroidManifest.xml:425:9-428:52
	android:screenOrientation
		ADDED from src\main\AndroidManifest.xml:428:13-49
	android:label
		ADDED from src\main\AndroidManifest.xml:427:13-45
	android:name
		ADDED from src\main\AndroidManifest.xml:426:13-82
activity#com.highnes.tour.common.image.select.MultiImageSelectorActivity
ADDED from src\main\AndroidManifest.xml:430:9-433:52
	android:screenOrientation
		ADDED from src\main\AndroidManifest.xml:433:13-49
	android:label
		ADDED from src\main\AndroidManifest.xml:432:13-45
	android:name